2025-04-04 10:55:29.259915 - Received CBT.V508.FILE510.PDS from FILE510.XMI 
2025-04-04 10:55:29.260955 - Found $$$#DATE.txt (text/plain) in CBT.V508.FILE510.PDS, moved to PDS/$$$#DATE
2025-04-04 10:55:29.261116 - Found $$$NOTE.txt (text/plain) in CBT.V508.FILE510.PDS, moved to PDS/$$$NOTE
2025-04-04 10:55:29.261263 - Found @FILE510.txt (text/plain) in CBT.V508.FILE510.PDS, moved to PDS/@FILE510
2025-04-04 10:55:29.261398 - Found ASMHCL.jcl (text/plain) in CBT.V508.FILE510.PDS, moved to PDS/ASMHCL
2025-04-04 10:55:29.261523 - Found BLANK.txt (text/plain) in CBT.V508.FILE510.PDS, moved to PDS/BLANK
2025-04-04 10:55:29.261645 - Found GREGJUL.txt (text/plain) in CBT.V508.FILE510.PDS, moved to PDS/GREGJUL
2025-04-04 10:55:29.261770 - Found IEBJCL.jcl (text/plain) in CBT.V508.FILE510.PDS, moved to PDS/IEBJCL
2025-04-04 10:55:29.261894 - Found IEBLHELP.txt (text/plain) in CBT.V508.FILE510.PDS, moved to PDS/IEBLHELP
2025-04-04 10:55:29.262031 - Found IEBLIST.txt (text/plain) in CBT.V508.FILE510.PDS, moved to PDS/IEBLIST
2025-04-04 10:55:29.262158 - Found IEBLISTO.txt (text/plain) in CBT.V508.FILE510.PDS, moved to PDS/IEBLISTO
2025-04-04 10:55:29.262286 - Found IGC0025E.txt (text/plain) in CBT.V508.FILE510.PDS, moved to PDS/IGC0025E
2025-04-04 10:55:29.262407 - Found JULGREG.txt (text/plain) in CBT.V508.FILE510.PDS, moved to PDS/JULGREG
2025-04-04 10:55:29.262524 - Found PERFORM.txt (text/plain) in CBT.V508.FILE510.PDS, moved to PDS/PERFORM
2025-04-04 10:55:29.262643 - Found SPACE.txt (text/plain) in CBT.V508.FILE510.PDS, moved to PDS/SPACE
2025-04-04 10:55:29.262772 - Found SPACEDS.txt (text/plain) in CBT.V508.FILE510.PDS, moved to PDS/SPACEDS
2025-04-04 10:55:29.262898 - Found SPACP001.txt (text/plain) in CBT.V508.FILE510.PDS, moved to PDS/SPACP001
2025-04-04 10:55:29.263016 - Found SPACP002.txt (text/plain) in CBT.V508.FILE510.PDS, moved to PDS/SPACP002
2025-04-04 10:55:29.263149 - Found UCBMAP.txt (text/plain) in CBT.V508.FILE510.PDS, moved to PDS/UCBMAP
2025-04-04 10:55:29.263296 - Found VARYDASD.txt (text/plain) in CBT.V508.FILE510.PDS, moved to PDS/VARYDASD
